<?xml version="1.0" encoding="UTF-8"?>
<!-- Generated by org.testng.reporters.JUnitXMLReporter -->
<testsuite hostname="DESKTOP-8EGNM3D" ignored="0" name="Command line test" tests="3" failures="0" timestamp="2020-07-15T18:58:26 IST" time="0.106" errors="0">
  <testcase name="BrowserAUtomation" time="0.015" classname="MavenPractice.Maven.SeleniumTest"/>
  <testcase name="elementsUi" time="0.0" classname="MavenPractice.Maven.SeleniumTest"/>
  <testcase name="twitter" time="0.004" classname="MavenPractice.Maven.TestNGTest"/>
</testsuite> <!-- Command line test -->
