<?xml version="1.0" encoding="UTF-8"?>
<testng-results skipped="0" failed="0" ignored="0" total="2" passed="2">
  <reporter-output>
  </reporter-output>
  <suite name="Suite" duration-ms="57" started-at="2020-11-12T16:43:21 IST" finished-at="2020-11-12T16:43:21 IST">
    <groups>
    </groups>
    <test name="Test" duration-ms="57" started-at="2020-11-12T16:43:21 IST" finished-at="2020-11-12T16:43:21 IST">
      <class name="MavenPractice.Maven.SeleniumTest">
        <test-method status="PASS" signature="BrowserAUtomation()[pri:0, instance:MavenPractice.Maven.SeleniumTest@49993335]" name="BrowserAUtomation" duration-ms="7" started-at="2020-11-12T16:43:21 IST" finished-at="2020-11-12T16:43:21 IST">
          <reporter-output>
          </reporter-output>
        </test-method> <!-- BrowserAUtomation -->
        <test-method status="PASS" signature="elementsUi()[pri:0, instance:MavenPractice.Maven.SeleniumTest@49993335]" name="elementsUi" duration-ms="1" started-at="2020-11-12T16:43:21 IST" finished-at="2020-11-12T16:43:21 IST">
          <reporter-output>
          </reporter-output>
        </test-method> <!-- elementsUi -->
      </class> <!-- MavenPractice.Maven.SeleniumTest -->
    </test> <!-- Test -->
  </suite> <!-- Suite -->
</testng-results>
